2014-08-29T01:35:30+00:00 ERR (3): Warning: include(Mage/Core/Model/Resource/Db/Abstract.php) [<a href='function.include'>function.include</a>]: failed to open stream: No such file or directory  in /home/bororo25/www/loja/lib/Varien/Autoload.php on line 93
2014-08-29T01:35:30+00:00 ERR (3): Warning: include(Mage/Core/Model/Resource/Db/Abstract.php) [<a href='function.include'>function.include</a>]: failed to open stream: No such file or directory  in /home/bororo25/www/loja/lib/Varien/Autoload.php on line 93
2014-08-29T01:35:30+00:00 ERR (3): Warning: include() [<a href='function.include'>function.include</a>]: Failed opening 'Mage/Core/Model/Resource/Db/Abstract.php' for inclusion (include_path='/home/bororo25/www/loja/app/code/local:/home/bororo25/www/loja/app/code/community:/home/bororo25/www/loja/app/code/core:/home/bororo25/www/loja/lib:.:/usr/local/lib/php')  in /home/bororo25/www/loja/lib/Varien/Autoload.php on line 93
2014-08-29T01:37:35+00:00 ERR (3): Warning: include(Mage/Core/Model/Resource/Db/Abstract.php) [<a href='function.include'>function.include</a>]: failed to open stream: No such file or directory  in /home/bororo25/www/loja/lib/Varien/Autoload.php on line 93
2014-08-29T01:37:35+00:00 ERR (3): Warning: include(Mage/Core/Model/Resource/Db/Abstract.php) [<a href='function.include'>function.include</a>]: failed to open stream: No such file or directory  in /home/bororo25/www/loja/lib/Varien/Autoload.php on line 93
2014-08-29T01:37:35+00:00 ERR (3): Warning: include() [<a href='function.include'>function.include</a>]: Failed opening 'Mage/Core/Model/Resource/Db/Abstract.php' for inclusion (include_path='/home/bororo25/www/loja/app/code/local:/home/bororo25/www/loja/app/code/community:/home/bororo25/www/loja/app/code/core:/home/bororo25/www/loja/lib:.:/usr/local/lib/php')  in /home/bororo25/www/loja/lib/Varien/Autoload.php on line 93
2014-08-29T01:47:57+00:00 ERR (3): Warning: include(Mage/Core/Model/Resource/Setup/Query/Modifier.php) [<a href='function.include'>function.include</a>]: failed to open stream: No such file or directory  in /home/bororo25/www/loja/lib/Varien/Autoload.php on line 93
2014-08-29T01:47:57+00:00 ERR (3): Warning: include(Mage/Core/Model/Resource/Setup/Query/Modifier.php) [<a href='function.include'>function.include</a>]: failed to open stream: No such file or directory  in /home/bororo25/www/loja/lib/Varien/Autoload.php on line 93
2014-08-29T01:47:57+00:00 ERR (3): Warning: include() [<a href='function.include'>function.include</a>]: Failed opening 'Mage/Core/Model/Resource/Setup/Query/Modifier.php' for inclusion (include_path='/home/bororo25/www/loja/app/code/local:/home/bororo25/www/loja/app/code/community:/home/bororo25/www/loja/app/code/core:/home/bororo25/www/loja/lib:.:/usr/local/lib/php')  in /home/bororo25/www/loja/lib/Varien/Autoload.php on line 93
2014-08-29T01:48:01+00:00 ERR (3): Warning: include(Mage/Core/Model/Resource/Setup/Query/Modifier.php) [<a href='function.include'>function.include</a>]: failed to open stream: No such file or directory  in /home/bororo25/www/loja/lib/Varien/Autoload.php on line 93
2014-08-29T01:48:01+00:00 ERR (3): Warning: include(Mage/Core/Model/Resource/Setup/Query/Modifier.php) [<a href='function.include'>function.include</a>]: failed to open stream: No such file or directory  in /home/bororo25/www/loja/lib/Varien/Autoload.php on line 93
2014-08-29T01:48:01+00:00 ERR (3): Warning: include() [<a href='function.include'>function.include</a>]: Failed opening 'Mage/Core/Model/Resource/Setup/Query/Modifier.php' for inclusion (include_path='/home/bororo25/www/loja/app/code/local:/home/bororo25/www/loja/app/code/community:/home/bororo25/www/loja/app/code/core:/home/bororo25/www/loja/lib:.:/usr/local/lib/php')  in /home/bororo25/www/loja/lib/Varien/Autoload.php on line 93
2014-08-29T01:48:06+00:00 ERR (3): Warning: include(Mage/Core/Model/Resource/Setup/Query/Modifier.php) [<a href='function.include'>function.include</a>]: failed to open stream: No such file or directory  in /home/bororo25/www/loja/lib/Varien/Autoload.php on line 93
2014-08-29T01:48:06+00:00 ERR (3): Warning: include(Mage/Core/Model/Resource/Setup/Query/Modifier.php) [<a href='function.include'>function.include</a>]: failed to open stream: No such file or directory  in /home/bororo25/www/loja/lib/Varien/Autoload.php on line 93
2014-08-29T01:48:06+00:00 ERR (3): Warning: include() [<a href='function.include'>function.include</a>]: Failed opening 'Mage/Core/Model/Resource/Setup/Query/Modifier.php' for inclusion (include_path='/home/bororo25/www/loja/app/code/local:/home/bororo25/www/loja/app/code/community:/home/bororo25/www/loja/app/code/core:/home/bororo25/www/loja/lib:.:/usr/local/lib/php')  in /home/bororo25/www/loja/lib/Varien/Autoload.php on line 93
2017-12-17T23:00:03+00:00 ERR (3): Warning: PDOStatement::execute(): MySQL server has gone away  in /home/bororo25/bororo/public/loja/lib/Zend/Db/Statement/Pdo.php on line 228
2017-12-17T23:00:03+00:00 ERR (3): Warning: PDOStatement::execute(): Error reading result set's header  in /home/bororo25/bororo/public/loja/lib/Zend/Db/Statement/Pdo.php on line 228
2018-05-08T17:11:22+00:00 CRIT (2): Not valid template file:adminhtml/base/default/template/osstudios/pagseguro/info.phtml
2018-05-08T17:11:25+00:00 CRIT (2): Not valid template file:adminhtml/base/default/template/osstudios/pagseguro/info.phtml
2018-05-08T17:11:31+00:00 CRIT (2): Not valid template file:adminhtml/base/default/template/osstudios/pagseguro/info.phtml
2018-05-08T17:11:34+00:00 CRIT (2): Not valid template file:adminhtml/base/default/template/osstudios/pagseguro/info.phtml
2018-05-08T17:11:37+00:00 CRIT (2): Not valid template file:adminhtml/base/default/template/osstudios/pagseguro/info.phtml
2018-05-08T17:11:40+00:00 CRIT (2): Not valid template file:adminhtml/base/default/template/osstudios/pagseguro/info.phtml
2018-05-08T17:11:43+00:00 CRIT (2): Not valid template file:adminhtml/base/default/template/osstudios/pagseguro/info.phtml
2018-05-08T17:11:44+00:00 CRIT (2): Not valid template file:adminhtml/base/default/template/osstudios/pagseguro/info.phtml
2018-06-27T13:33:27+00:00 DEBUG (7): pedroteixeira_correios [177]: Correios Error: CEP de origem invalido. [Cod. 2] [Serv. 40010]
2018-06-27T13:33:28+00:00 DEBUG (7): pedroteixeira_correios [177]: Correios Error: CEP de origem invalido. [Cod. 2] [Serv. 40010]
2018-06-27T13:34:14+00:00 DEBUG (7): pedroteixeira_correios [177]: Correios Error: CEP de origem invalido. [Cod. 2] [Serv. 40010]
2018-06-27T13:34:59+00:00 DEBUG (7): pedroteixeira_correios [177]: Correios Error: CEP de origem invalido. [Cod. 2] [Serv. 40010]
